<?xml version="1.0" encoding="UTF-8"?>
<!-- Generated by org.testng.reporters.JUnitReportReporter -->
<testsuite skipped="0" hostname="SHRI" name="testscripts.PurchaseOrderTest" tests="8" failures="0" timestamp="2023-03-15T13:37:35 IST" time="42.826" errors="0">
  <testcase name="LoginPageTest" time="3.057" classname="testscripts.PurchaseOrderTest"/>
  <system-out/>
  <testcase name="AddItemTest" time="7.299" classname="testscripts.PurchaseOrderTest"/>
  <system-out/>
  <testcase name="AddItemTest" time="8.505" classname="testscripts.PurchaseOrderTest"/>
  <system-out/>
  <testcase name="AddItemTest" time="8.678" classname="testscripts.PurchaseOrderTest"/>
  <system-out/>
  <testcase name="AddItemTest" time="6.983" classname="testscripts.PurchaseOrderTest"/>
  <system-out/>
  <testcase name="CartTest" time="1.739" classname="testscripts.PurchaseOrderTest"/>
  <system-out/>
  <testcase name="deleteItems" time="0.313" classname="testscripts.PurchaseOrderTest"/>
  <system-out/>
  <testcase name="PurchaseTest" time="6.252" classname="testscripts.PurchaseOrderTest"/>
  <system-out/>
</testsuite> <!-- testscripts.PurchaseOrderTest -->
